[debug] [2024-07-14T07:32:05.407Z] ----------------------------------------------------------------------
[debug] [2024-07-14T07:32:05.411Z] Command:       C:\Program Files\nodejs\node.exe C:\Users\Admin\AppData\Roaming\npm\node_modules\firebase-tools\lib\bin\firebase.js serve
[debug] [2024-07-14T07:32:05.412Z] CLI Version:   13.13.0
[debug] [2024-07-14T07:32:05.412Z] Platform:      win32
[debug] [2024-07-14T07:32:05.412Z] Node Version:  v20.15.0
[debug] [2024-07-14T07:32:05.412Z] Time:          Sun Jul 14 2024 13:02:05 GMT+0530 (India Standard Time)
[debug] [2024-07-14T07:32:05.413Z] ----------------------------------------------------------------------
[debug] 
[debug] [2024-07-14T07:32:05.567Z] > command requires scopes: ["email","openid","https://www.googleapis.com/auth/cloudplatformprojects.readonly","https://www.googleapis.com/auth/firebase","https://www.googleapis.com/auth/cloud-platform"]
[debug] [2024-07-14T07:32:05.568Z] > authorizing via signed-in user (greeknio@gmail.com)
[debug] [2024-07-14T07:32:05.568Z] [iam] checking project zenpai for permissions ["firebase.projects.get"]
[debug] [2024-07-14T07:32:05.570Z] > refreshing access token with scopes: []
[debug] [2024-07-14T07:32:05.572Z] >>> [apiv2][query] POST https://www.googleapis.com/oauth2/v3/token [none]
[debug] [2024-07-14T07:32:05.572Z] >>> [apiv2][body] POST https://www.googleapis.com/oauth2/v3/token [omitted]
[debug] [2024-07-14T07:32:05.777Z] <<< [apiv2][status] POST https://www.googleapis.com/oauth2/v3/token 200
[debug] [2024-07-14T07:32:05.778Z] <<< [apiv2][body] POST https://www.googleapis.com/oauth2/v3/token [omitted]
[debug] [2024-07-14T07:32:05.794Z] >>> [apiv2][query] POST https://cloudresourcemanager.googleapis.com/v1/projects/zenpai:testIamPermissions [none]
[debug] [2024-07-14T07:32:05.794Z] >>> [apiv2][(partial)header] POST https://cloudresourcemanager.googleapis.com/v1/projects/zenpai:testIamPermissions x-goog-quota-user=projects/zenpai
[debug] [2024-07-14T07:32:05.795Z] >>> [apiv2][body] POST https://cloudresourcemanager.googleapis.com/v1/projects/zenpai:testIamPermissions {"permissions":["firebase.projects.get"]}
[debug] [2024-07-14T07:32:07.072Z] <<< [apiv2][status] POST https://cloudresourcemanager.googleapis.com/v1/projects/zenpai:testIamPermissions 200
[debug] [2024-07-14T07:32:07.072Z] <<< [apiv2][body] POST https://cloudresourcemanager.googleapis.com/v1/projects/zenpai:testIamPermissions {"permissions":["firebase.projects.get"]}
[debug] [2024-07-14T07:32:07.074Z] >>> [apiv2][query] GET https://firebase.googleapis.com/v1beta1/projects/zenpai [none]
[debug] [2024-07-14T07:32:07.525Z] <<< [apiv2][status] GET https://firebase.googleapis.com/v1beta1/projects/zenpai 200
[debug] [2024-07-14T07:32:07.526Z] <<< [apiv2][body] GET https://firebase.googleapis.com/v1beta1/projects/zenpai {"projectId":"zenpai","projectNumber":"393234421305","displayName":"zenpai","name":"projects/zenpai","resources":{"hostingSite":"zenpai"},"state":"ACTIVE","etag":"1_d77074c9-2b33-49bf-8b4c-63f02b449aee"}
[info] 
[info] === Serving from 'D:\zenpai'...
[info] 
[debug] [2024-07-14T07:32:07.534Z] >>> [apiv2][query] GET https://firebasehosting.googleapis.com/v1beta1/projects/zenpai/sites 
[debug] [2024-07-14T07:32:08.464Z] <<< [apiv2][status] GET https://firebasehosting.googleapis.com/v1beta1/projects/zenpai/sites 200
[debug] [2024-07-14T07:32:08.464Z] <<< [apiv2][body] GET https://firebasehosting.googleapis.com/v1beta1/projects/zenpai/sites {"sites":[{"name":"projects/zenpai/sites/zenpai","defaultUrl":"https://zenpai.web.app","appId":"1:393234421305:web:cfa99cb18f11218043dfe8","type":"DEFAULT_SITE"}]}
[debug] [2024-07-14T07:32:08.464Z] >>> [apiv2][query] GET https://firebase.googleapis.com/v1beta1/projects/zenpai/webApps/1:393234421305:web:cfa99cb18f11218043dfe8/config [none]
[debug] [2024-07-14T07:32:09.311Z] <<< [apiv2][status] GET https://firebase.googleapis.com/v1beta1/projects/zenpai/webApps/1:393234421305:web:cfa99cb18f11218043dfe8/config 200
[debug] [2024-07-14T07:32:09.312Z] <<< [apiv2][body] GET https://firebase.googleapis.com/v1beta1/projects/zenpai/webApps/1:393234421305:web:cfa99cb18f11218043dfe8/config {"projectId":"zenpai","appId":"1:393234421305:web:cfa99cb18f11218043dfe8","storageBucket":"zenpai.appspot.com","apiKey":"AIzaSyCQEh9RtXWiQtY0Y2nTkDPuxbYEJhKTkW8","authDomain":"zenpai.firebaseapp.com","messagingSenderId":"393234421305","measurementId":"G-FH52BJJ207"}
[debug] [2024-07-14T07:32:09.319Z] >>> [apiv2][query] GET https://firebase.googleapis.com/v1beta1/projects/zenpai [none]
[debug] [2024-07-14T07:32:09.618Z] <<< [apiv2][status] GET https://firebase.googleapis.com/v1beta1/projects/zenpai 200
[debug] [2024-07-14T07:32:09.618Z] <<< [apiv2][body] GET https://firebase.googleapis.com/v1beta1/projects/zenpai {"projectId":"zenpai","projectNumber":"393234421305","displayName":"zenpai","name":"projects/zenpai","resources":{"hostingSite":"zenpai"},"state":"ACTIVE","etag":"1_d77074c9-2b33-49bf-8b4c-63f02b449aee"}
[info] i  hosting[zenpai]: Serving hosting files from: public {"metadata":{"emulator":{"name":"hosting"},"message":"Serving hosting files from: \u001b[1mpublic\u001b[22m"}}
[info] +  hosting[zenpai]: Local server: http://localhost:5000 {"metadata":{"emulator":{"name":"hosting"},"message":"Local server: \u001b[4m\u001b[1mhttp://localhost:5000\u001b[22m\u001b[24m"}}
[info] i  hosting: ::1 - - [14/Jul/2024:07:32:18 +0000] "GET /auth/ HTTP/1.1" 200 - "-" "Mozilla/5.0 (Windows NT 10.0; Win64; x64) AppleWebKit/537.36 (KHTML, like Gecko) Chrome/126.0.0.0 Safari/537.36" {"metadata":{"emulator":{"name":"hosting"},"message":"::1 - - [14/Jul/2024:07:32:18 +0000] \"GET /auth/ HTTP/1.1\" 200 - \"-\" \"Mozilla/5.0 (Windows NT 10.0; Win64; x64) AppleWebKit/537.36 (KHTML, like Gecko) Chrome/126.0.0.0 Safari/537.36\""}}
[info] i  hosting: ::1 - - [14/Jul/2024:07:32:18 +0000] "GET /_css/auth-page.css HTTP/1.1" 200 - "http://localhost:5000/auth/" "Mozilla/5.0 (Windows NT 10.0; Win64; x64) AppleWebKit/537.36 (KHTML, like Gecko) Chrome/126.0.0.0 Safari/537.36" {"metadata":{"emulator":{"name":"hosting"},"message":"::1 - - [14/Jul/2024:07:32:18 +0000] \"GET /_css/auth-page.css HTTP/1.1\" 200 - \"http://localhost:5000/auth/\" \"Mozilla/5.0 (Windows NT 10.0; Win64; x64) AppleWebKit/537.36 (KHTML, like Gecko) Chrome/126.0.0.0 Safari/537.36\""}}
[info] i  hosting: ::1 - - [14/Jul/2024:07:32:18 +0000] "GET /_js/auth.js HTTP/1.1" 200 - "http://localhost:5000/auth/" "Mozilla/5.0 (Windows NT 10.0; Win64; x64) AppleWebKit/537.36 (KHTML, like Gecko) Chrome/126.0.0.0 Safari/537.36" {"metadata":{"emulator":{"name":"hosting"},"message":"::1 - - [14/Jul/2024:07:32:18 +0000] \"GET /_js/auth.js HTTP/1.1\" 200 - \"http://localhost:5000/auth/\" \"Mozilla/5.0 (Windows NT 10.0; Win64; x64) AppleWebKit/537.36 (KHTML, like Gecko) Chrome/126.0.0.0 Safari/537.36\""}}
